BioNetGen version 2.8.3
Reading from file /Users/faeder/Library/CloudStorage/OneDrive-UniversityofPittsburgh/Projects/Energy-Based-Modeling/Simple Examples/Simple_Model/2023_01_12__12_20_36/Simple_Model.bngl (level 0)
Read 13 parameters.
Read 3 molecule types.
Read 3 species.
Read 4 observable(s).
Read 7 reaction rule(s).
ACTION: simulate( method=>"cvode" )
ACTION: generate_network( Simple_Model )
Iteration   0:     3 species      0 rxns  0.00e+00 CPU s
Iteration   1:     5 species      2 rxns  0.00e+00 CPU s
Iteration   2:     6 species      5 rxns  0.00e+00 CPU s
Iteration   3:     8 species      8 rxns  0.00e+00 CPU s
Iteration   4:     9 species     12 rxns  0.00e+00 CPU s
Iteration   5:     9 species     13 rxns  0.00e+00 CPU s
Cumulative CPU time for each rule
Rule   1:     2 reactions 0.00e+00 CPU s 0.00e+00 CPU s/rxn
Rule   2:     2 reactions 0.00e+00 CPU s 0.00e+00 CPU s/rxn
Rule   3:     1 reactions 0.00e+00 CPU s 0.00e+00 CPU s/rxn
Rule   4:     2 reactions 0.00e+00 CPU s 0.00e+00 CPU s/rxn
Rule   5:     2 reactions 0.00e+00 CPU s 0.00e+00 CPU s/rxn
Rule   6:     2 reactions 0.00e+00 CPU s 0.00e+00 CPU s/rxn
Rule   7:     2 reactions 0.00e+00 CPU s 0.00e+00 CPU s/rxn
Total   :    13 reactions 0.00e+00 CPU s 0.00e+00 CPU s/rxn
Wrote network in net format to ./Simple_Model.net.
Network simulation using cvode
WARNING: writeFile(): Overwriting existing file ./Simple_Model.net.
Wrote network in net format to ./Simple_Model.net.
Running run_network on Jamess-MBP
full command: /Users/faeder/Library/CloudStorage/OneDrive-UniversityofPittsburgh/Code/PyBioNetGen/bionetgen/bng-mac/bin/run_network -o ./Simple_Model -p cvode -a 1e-08 -r 1e-08 --cdat 1 --fdat 0 -g ./Simple_Model.net ./Simple_Model.net 1 200
[simulation PID is: 58678]
run_network 3.0
Read 13 parameters from ./Simple_Model.net
Read 9 species from ./Simple_Model.net
Read 4 group(s) from ./Simple_Model.net
Read 0 function(s) from ./Simple_Model.net
Read 13 reaction(s) from ./Simple_Model.net
13 reaction(s) have nonzero rate
Initialization took 0.00 CPU seconds
Propagating with cvode using dense LU
Time course of concentrations written to file ./Simple_Model.cdat.
Time course of groups written to file ./Simple_Model.gdat.
Propagation took 0.00e+00 CPU seconds
Program times:  0.00 CPU s 0.00 clock s
Updating species concentrations from ./Simple_Model.cdat
CPU TIME: simulate 0.01 s.
Finished processing file /Users/faeder/Library/CloudStorage/OneDrive-UniversityofPittsburgh/Projects/Energy-Based-Modeling/Simple Examples/Simple_Model/2023_01_12__12_20_36/Simple_Model.bngl.
CPU TIME: total 0.02 s.