BioNetGen version 2.8.2
Reading from file /home/zarifeh/Downloads/Energy Modeling/Correction_PE/Edited_EnergyModels_Dummyinclude/Edited_EnergyModels_EGFR/Step1/2022_08_23__15_30_30/Step1.bngl (level 0)
Read 18 parameters.
Read 5 molecule types.
Read 5 species.
Read 5 energy patterns(s).
Read 5 observable(s).
Read 2 functions.
Read 8 reaction rule(s).
ACTION: generate_network( Step1 )
Iteration   0:     5 species      0 rxns  0.00e+00 CPU s
Iteration   1:     7 species      2 rxns  1.00e-02 CPU s
Iteration   2:     8 species      5 rxns  1.00e-02 CPU s
Iteration   3:     9 species      7 rxns  0.00e+00 CPU s
Iteration   4:    10 species      9 rxns  0.00e+00 CPU s
Iteration   5:    11 species     11 rxns  1.00e-02 CPU s
Iteration   6:    12 species     12 rxns  0.00e+00 CPU s
Iteration   7:    12 species     14 rxns  0.00e+00 CPU s
Cumulative CPU time for each rule
Rule   1:     2 reactions 0.00e+00 CPU s 0.00e+00 CPU s/rxn
Rule   2:     2 reactions 1.00e-02 CPU s 5.00e-03 CPU s/rxn
Rule   3:     2 reactions 1.00e-02 CPU s 5.00e-03 CPU s/rxn
Rule   4:     1 reactions 0.00e+00 CPU s 0.00e+00 CPU s/rxn
Rule   5:     1 reactions 0.00e+00 CPU s 0.00e+00 CPU s/rxn
Rule   6:     4 reactions 1.00e-02 CPU s 2.50e-03 CPU s/rxn
Rule   7:     1 reactions 0.00e+00 CPU s 0.00e+00 CPU s/rxn
Rule   8:     1 reactions 0.00e+00 CPU s 0.00e+00 CPU s/rxn
Total   :    14 reactions 3.00e-02 CPU s 2.14e-03 CPU s/rxn
Wrote network in net format to ./Step1.net.
CPU TIME: generate_network 0.04 s.
ACTION: simulate( method=>"cvode" )
Network simulation using cvode
WARNING: writeFile(): Overwriting existing file ./Step1.net.
Wrote network in net format to ./Step1.net.
Running run_network on zarifeh-XPS
full command: /home/zarifeh/.local/lib/python3.10/site-packages/bionetgen/bng-linux/bin/run_network -o ./Step1 -p cvode -a 1e-08 -r 1e-08 --cdat 1 --fdat 0 -g ./Step1.net ./Step1.net 0.1 1200
[simulation PID is: 41358]
run_network 3.0
Read 28 parameters from ./Step1.net
Read 12 species from ./Step1.net
Read 5 group(s) from ./Step1.net
Read 4 function(s) from ./Step1.net
Read 14 reaction(s) from ./Step1.net
14 reaction(s) have nonzero rate
Initialization took 0.00 CPU seconds
Propagating with cvode using dense LU
Time course of concentrations written to file ./Step1.cdat.
Time course of groups written to file ./Step1.gdat.
Propagation took 3.00e-02 CPU seconds
Program times:  0.03 CPU s 0.00 clock s
Updating species concentrations from ./Step1.cdat
CPU TIME: simulate 0.03 s.
Finished processing file /home/zarifeh/Downloads/Energy Modeling/Correction_PE/Edited_EnergyModels_Dummyinclude/Edited_EnergyModels_EGFR/Step1/2022_08_23__15_30_30/Step1.bngl.
CPU TIME: total 0.10 s.