BioNetGen version 2.8.2
Reading from file /home/zarifeh/Downloads/Energy-Based-Modeling-main/KholodenkoModel_DetailedBalance/EGFR_Kholodenko_Step4_DetailedBalance/2023_01_06__11_35_44/EGFR_Kholodenko_Step4_DetailedBalance.bngl (level 0)
Read 50 parameters.
Read 6 molecule types.
Read 6 species.
Read 8 observable(s).
Read 3 functions.
Read 25 reaction rule(s).
ACTION: generate_network( EGFR_Kholodenko_Step4_DetailedBalance )
Iteration   0:     6 species      0 rxns  0.00e+00 CPU s
Iteration   1:     8 species      2 rxns  1.00e-02 CPU s
Iteration   2:     9 species      5 rxns  1.00e-02 CPU s
Iteration   3:    10 species      7 rxns  1.00e-02 CPU s
Iteration   4:    14 species     13 rxns  1.00e-02 CPU s
Iteration   5:    16 species     21 rxns  3.00e-02 CPU s
Iteration   6:    20 species     27 rxns  1.00e-02 CPU s
Iteration   7:    23 species     40 rxns  2.00e-02 CPU s
Iteration   8:    23 species     47 rxns  1.00e-02 CPU s
Cumulative CPU time for each rule
Rule   1:     2 reactions 0.00e+00 CPU s 0.00e+00 CPU s/rxn
Rule   2:     2 reactions 0.00e+00 CPU s 0.00e+00 CPU s/rxn
Rule   3:     2 reactions 0.00e+00 CPU s 0.00e+00 CPU s/rxn
Rule   4:     1 reactions 0.00e+00 CPU s 0.00e+00 CPU s/rxn
Rule   5:     2 reactions 0.00e+00 CPU s 0.00e+00 CPU s/rxn
Rule   6:     2 reactions 0.00e+00 CPU s 0.00e+00 CPU s/rxn
Rule   7:     2 reactions 1.00e-02 CPU s 5.00e-03 CPU s/rxn
Rule   8:     1 reactions 0.00e+00 CPU s 0.00e+00 CPU s/rxn
Rule   9:     2 reactions 1.00e-02 CPU s 5.00e-03 CPU s/rxn
Rule  10:     2 reactions 1.00e-02 CPU s 5.00e-03 CPU s/rxn
Rule  11:     2 reactions 1.00e-02 CPU s 5.00e-03 CPU s/rxn
Rule  12:     2 reactions 1.00e-02 CPU s 5.00e-03 CPU s/rxn
Rule  13:     2 reactions 1.00e-02 CPU s 5.00e-03 CPU s/rxn
Rule  14:     2 reactions 0.00e+00 CPU s 0.00e+00 CPU s/rxn
Rule  15:     2 reactions 1.00e-02 CPU s 5.00e-03 CPU s/rxn
Rule  16:     1 reactions 0.00e+00 CPU s 0.00e+00 CPU s/rxn
Rule  17:     2 reactions 0.00e+00 CPU s 0.00e+00 CPU s/rxn
Rule  18:     2 reactions 2.00e-02 CPU s 1.00e-02 CPU s/rxn
Rule  19:     2 reactions 0.00e+00 CPU s 0.00e+00 CPU s/rxn
Rule  20:     2 reactions 1.00e-02 CPU s 5.00e-03 CPU s/rxn
Rule  21:     2 reactions 1.00e-02 CPU s 5.00e-03 CPU s/rxn
Rule  22:     2 reactions 0.00e+00 CPU s 0.00e+00 CPU s/rxn
Rule  23:     2 reactions 0.00e+00 CPU s 0.00e+00 CPU s/rxn
Rule  24:     2 reactions 0.00e+00 CPU s 0.00e+00 CPU s/rxn
Rule  25:     2 reactions 0.00e+00 CPU s 0.00e+00 CPU s/rxn
Total   :    47 reactions 1.10e-01 CPU s 2.34e-03 CPU s/rxn
Wrote network in net format to ./EGFR_Kholodenko_Step4_DetailedBalance.net.
CPU TIME: generate_network 0.12 s.
ACTION: simulate( method=>"cvode" )
Network simulation using cvode
WARNING: writeFile(): Overwriting existing file ./EGFR_Kholodenko_Step4_DetailedBalance.net.
Wrote network in net format to ./EGFR_Kholodenko_Step4_DetailedBalance.net.
Running run_network on zarifeh-XPS
full command: /home/zarifeh/.local/lib/python3.10/site-packages/bionetgen/bng-linux/bin/run_network -o ./EGFR_Kholodenko_Step4_DetailedBalance -p cvode -a 1e-08 -r 1e-08 --cdat 1 --fdat 0 -g ./EGFR_Kholodenko_Step4_DetailedBalance.net ./EGFR_Kholodenko_Step4_DetailedBalance.net 1 120
[simulation PID is: 57361]
run_network 3.0
Read 53 parameters from ./EGFR_Kholodenko_Step4_DetailedBalance.net
Read 23 species from ./EGFR_Kholodenko_Step4_DetailedBalance.net
Read 8 group(s) from ./EGFR_Kholodenko_Step4_DetailedBalance.net
Read 3 function(s) from ./EGFR_Kholodenko_Step4_DetailedBalance.net
Read 47 reaction(s) from ./EGFR_Kholodenko_Step4_DetailedBalance.net
47 reaction(s) have nonzero rate
Initialization took 0.00 CPU seconds
Propagating with cvode using dense LU
Time course of concentrations written to file ./EGFR_Kholodenko_Step4_DetailedBalance.cdat.
Time course of groups written to file ./EGFR_Kholodenko_Step4_DetailedBalance.gdat.
Propagation took 1.00e-02 CPU seconds
Program times:  0.01 CPU s 0.00 clock s
Updating species concentrations from ./EGFR_Kholodenko_Step4_DetailedBalance.cdat
CPU TIME: simulate 0.01 s.
Finished processing file /home/zarifeh/Downloads/Energy-Based-Modeling-main/KholodenkoModel_DetailedBalance/EGFR_Kholodenko_Step4_DetailedBalance/2023_01_06__11_35_44/EGFR_Kholodenko_Step4_DetailedBalance.bngl.
CPU TIME: total 0.22 s.