BioNetGen version 2.8.3
Reading from file d:\Energy modeling\Corrections\Jim's edit\EGFR_Kholodenko_Step1\2022_08_11__13_5_38\EGFR_Kholodenko_Step1.bngl (level 0)
Read 16 parameters.
Read 3 molecule types.
Read 3 species.
Read 4 observable(s).
Read 2 functions.
Read 8 reaction rule(s).
ACTION: simulate( method=>"cvode" )
ACTION: generate_network( d:\Energy modeling\Corrections\Jim's edit\EGFR_Kholodenko_Step1\2022_08_11__13_5_38\EGFR_Kholodenko_Step1 )
Iteration   0:     3 species      0 rxns  0.00e+00 CPU s
Iteration   1:     4 species      1 rxns  0.00e+00 CPU s
Iteration   2:     5 species      3 rxns  0.00e+00 CPU s
Iteration   3:     6 species      5 rxns  1.60e-02 CPU s
Iteration   4:     7 species      8 rxns  1.50e-02 CPU s
Iteration   5:     8 species     10 rxns  0.00e+00 CPU s
Iteration   6:     9 species     12 rxns  1.60e-02 CPU s
Iteration   7:     9 species     14 rxns  0.00e+00 CPU s
Cumulative CPU time for each rule
Rule   1:     2 reactions 0.00e+00 CPU s 0.00e+00 CPU s/rxn
Rule   2:     2 reactions 1.60e-02 CPU s 8.00e-03 CPU s/rxn
Rule   3:     2 reactions 0.00e+00 CPU s 0.00e+00 CPU s/rxn
Rule   4:     1 reactions 0.00e+00 CPU s 0.00e+00 CPU s/rxn
Rule   5:     2 reactions 1.50e-02 CPU s 7.50e-03 CPU s/rxn
Rule   6:     2 reactions 0.00e+00 CPU s 0.00e+00 CPU s/rxn
Rule   7:     2 reactions 1.60e-02 CPU s 8.00e-03 CPU s/rxn
Rule   8:     1 reactions 0.00e+00 CPU s 0.00e+00 CPU s/rxn
Total   :    14 reactions 4.70e-02 CPU s 3.36e-03 CPU s/rxn
Wrote network in net format to d:\Energy modeling\Corrections\Jim's edit\EGFR_Kholodenko_Step1\2022_08_11__13_5_38\EGFR_Kholodenko_Step1.net.
Network simulation using cvode
WARNING: writeFile(): Overwriting existing file d:\Energy modeling\Corrections\Jim's edit\EGFR_Kholodenko_Step1\2022_08_11__13_5_38\EGFR_Kholodenko_Step1.net.
Wrote network in net format to d:\Energy modeling\Corrections\Jim's edit\EGFR_Kholodenko_Step1\2022_08_11__13_5_38\EGFR_Kholodenko_Step1.net.
Running run_network on mansour-PC
full command: c:/users/mansour/lib/site-packages/bionetgen/bng-win/bin/run_network -o d:\Energy modeling\Corrections\Jim's edit\EGFR_Kholodenko_Step1\2022_08_11__13_5_38\EGFR_Kholodenko_Step1 -p cvode -a 1e-08 -r 1e-08 --cdat 1 --fdat 0 -g d:\Energy modeling\Corrections\Jim's edit\EGFR_Kholodenko_Step1\2022_08_11__13_5_38\EGFR_Kholodenko_Step1.net d:\Energy modeling\Corrections\Jim's edit\EGFR_Kholodenko_Step1\2022_08_11__13_5_38\EGFR_Kholodenko_Step1.net 1 120
[simulation PID is: 1174]
run_network 3.0
Read 19 parameters from d:\Energy modeling\Corrections\Jim's edit\EGFR_Kholodenko_Step1\2022_08_11__13_5_38\EGFR_Kholodenko_Step1.net
Read 9 species from d:\Energy modeling\Corrections\Jim's edit\EGFR_Kholodenko_Step1\2022_08_11__13_5_38\EGFR_Kholodenko_Step1.net
Read 4 group(s) from d:\Energy modeling\Corrections\Jim's edit\EGFR_Kholodenko_Step1\2022_08_11__13_5_38\EGFR_Kholodenko_Step1.net
Read 2 function(s) from d:\Energy modeling\Corrections\Jim's edit\EGFR_Kholodenko_Step1\2022_08_11__13_5_38\EGFR_Kholodenko_Step1.net
Read 14 reaction(s) from d:\Energy modeling\Corrections\Jim's edit\EGFR_Kholodenko_Step1\2022_08_11__13_5_38\EGFR_Kholodenko_Step1.net
14 reaction(s) have nonzero rate
Initialization took 0.03 CPU seconds
Propagating with cvode using dense LU
Time course of concentrations written to file d:\Energy modeling\Corrections\Jim's edit\EGFR_Kholodenko_Step1\2022_08_11__13_5_38\EGFR_Kholodenko_Step1.cdat.
Time course of groups written to file d:\Energy modeling\Corrections\Jim's edit\EGFR_Kholodenko_Step1\2022_08_11__13_5_38\EGFR_Kholodenko_Step1.gdat.
Propagation took 3.10e-02 CPU seconds
Program times:  0.06 CPU s 0.00 clock s
Updating species concentrations from d:\Energy modeling\Corrections\Jim's edit\EGFR_Kholodenko_Step1\2022_08_11__13_5_38\EGFR_Kholodenko_Step1.cdat
CPU TIME: simulate 0.17 s.
Finished processing file d:\Energy modeling\Corrections\Jim's edit\EGFR_Kholodenko_Step1\2022_08_11__13_5_38\EGFR_Kholodenko_Step1.bngl.
CPU TIME: total 0.22 s.