BioNetGen version 2.8.2
Reading from file /home/zarifeh/Downloads/Energy Modeling/Correction_PE/GitHub/EnergyModels_ReducedParameters/Step4/2022_08_31__14_21_12/Step4.bngl (level 0)
Read 34 parameters.
Read 8 molecule types.
Read 8 species.
Read 13 energy patterns(s).
Read 9 observable(s).
Read 19 reaction rule(s).
ACTION: generate_network( Step4 )
Iteration   0:     8 species      0 rxns  0.00e+00 CPU s
Iteration   1:    11 species      3 rxns  1.00e-02 CPU s
Iteration   2:    12 species      7 rxns  2.00e-02 CPU s
Iteration   3:    15 species     11 rxns  0.00e+00 CPU s
Iteration   4:    22 species     24 rxns  3.00e-02 CPU s
Iteration   5:    33 species     57 rxns  6.00e-02 CPU s
Iteration   6:    50 species    114 rxns  9.00e-02 CPU s
Iteration   7:    77 species    224 rxns  1.90e-01 CPU s
Iteration   8:   112 species    417 rxns  3.20e-01 CPU s
Iteration   9:   112 species    650 rxns  3.00e-01 CPU s
Cumulative CPU time for each rule
Rule   1:     2 reactions 5.00e-02 CPU s 2.50e-02 CPU s/rxn
Rule   2:     2 reactions 1.00e-02 CPU s 5.00e-03 CPU s/rxn
Rule   3:     2 reactions 0.00e+00 CPU s 0.00e+00 CPU s/rxn
Rule   4:    16 reactions 3.00e-02 CPU s 1.88e-03 CPU s/rxn
Rule   5:    24 reactions 5.00e-02 CPU s 2.08e-03 CPU s/rxn
Rule   6:    24 reactions 3.00e-02 CPU s 1.25e-03 CPU s/rxn
Rule   7:    16 reactions 2.00e-02 CPU s 1.25e-03 CPU s/rxn
Rule   8:    24 reactions 3.00e-02 CPU s 1.25e-03 CPU s/rxn
Rule   9:    24 reactions 1.00e-02 CPU s 4.17e-04 CPU s/rxn
Rule  10:   128 reactions 2.50e-01 CPU s 1.95e-03 CPU s/rxn
Rule  11:    16 reactions 3.00e-02 CPU s 1.88e-03 CPU s/rxn
Rule  12:     1 reactions 1.00e-02 CPU s 1.00e-02 CPU s/rxn
Rule  13:    96 reactions 1.20e-01 CPU s 1.25e-03 CPU s/rxn
Rule  14:    84 reactions 1.10e-01 CPU s 1.31e-03 CPU s/rxn
Rule  15:    68 reactions 9.00e-02 CPU s 1.32e-03 CPU s/rxn
Rule  16:    96 reactions 1.30e-01 CPU s 1.35e-03 CPU s/rxn
Rule  17:    24 reactions 4.00e-02 CPU s 1.67e-03 CPU s/rxn
Rule  18:     1 reactions 0.00e+00 CPU s 0.00e+00 CPU s/rxn
Rule  19:     2 reactions 1.00e-02 CPU s 5.00e-03 CPU s/rxn
Total   :   650 reactions 1.02e+00 CPU s 1.57e-03 CPU s/rxn
Wrote network in net format to ./Step4.net.
CPU TIME: generate_network 1.04 s.
ACTION: simulate( method=>"cvode" )
Network simulation using cvode
WARNING: writeFile(): Overwriting existing file ./Step4.net.
Wrote network in net format to ./Step4.net.
Running run_network on zarifeh-XPS
full command: /home/zarifeh/.local/lib/python3.10/site-packages/bionetgen/bng-linux/bin/run_network -o ./Step4 -p cvode -a 1e-08 -r 1e-08 --cdat 1 --fdat 0 -g ./Step4.net ./Step4.net 1 120
[simulation PID is: 122407]
run_network 3.0
Read 68 parameters from ./Step4.net
Read 112 species from ./Step4.net
Read 9 group(s) from ./Step4.net
Read 0 function(s) from ./Step4.net
Read 650 reaction(s) from ./Step4.net
650 reaction(s) have nonzero rate
Initialization took 0.01 CPU seconds
Propagating with cvode using dense LU
Time course of concentrations written to file ./Step4.cdat.
Time course of groups written to file ./Step4.gdat.
Propagation took 1.40e-01 CPU seconds
Program times:  0.15 CPU s 0.00 clock s
Updating species concentrations from ./Step4.cdat
CPU TIME: simulate 0.18 s.
Finished processing file /home/zarifeh/Downloads/Energy Modeling/Correction_PE/GitHub/EnergyModels_ReducedParameters/Step4/2022_08_31__14_21_12/Step4.bngl.
CPU TIME: total 1.28 s.