BioNetGen version 2.8.2
Reading from file /home/zarifeh/Desktop/Step5/2022_12_21__10_2_00/Step5.bngl (level 0)
Read 37 parameters.
Read 8 molecule types.
Read 8 species.
Read 16 energy patterns(s).
Read 5 observable(s).
Read 19 reaction rule(s).
ACTION: generate_network( Step5 )
Iteration   0:     8 species      0 rxns  0.00e+00 CPU s
Iteration   1:    11 species      3 rxns  1.00e-02 CPU s
Iteration   2:    12 species      7 rxns  0.00e+00 CPU s
Iteration   3:    15 species     11 rxns  1.00e-02 CPU s
Iteration   4:    25 species     27 rxns  2.00e-02 CPU s
Iteration   5:    46 species     80 rxns  9.00e-02 CPU s
Iteration   6:    81 species    188 rxns  1.10e-01 CPU s
Iteration   7:   146 species    409 rxns  2.30e-01 CPU s
Iteration   8:   250 species    867 rxns  5.10e-01 CPU s
Iteration   9:   286 species   1574 rxns  7.20e-01 CPU s
Iteration  10:   302 species   1822 rxns  2.50e-01 CPU s
Iteration  11:   302 species   1910 rxns  9.00e-02 CPU s
Cumulative CPU time for each rule
Rule   1:    16 reactions 3.00e-02 CPU s 1.88e-03 CPU s/rxn
Rule   2:     2 reactions 3.00e-02 CPU s 1.50e-02 CPU s/rxn
Rule   3:   192 reactions 2.50e-01 CPU s 1.30e-03 CPU s/rxn
Rule   4:    16 reactions 5.00e-02 CPU s 3.13e-03 CPU s/rxn
Rule   5:    24 reactions 2.00e-02 CPU s 8.33e-04 CPU s/rxn
Rule   6:    24 reactions 4.00e-02 CPU s 1.67e-03 CPU s/rxn
Rule   7:    48 reactions 3.00e-02 CPU s 6.25e-04 CPU s/rxn
Rule   8:    72 reactions 4.00e-02 CPU s 5.56e-04 CPU s/rxn
Rule   9:    72 reactions 5.00e-02 CPU s 6.94e-04 CPU s/rxn
Rule  10:   384 reactions 4.50e-01 CPU s 1.17e-03 CPU s/rxn
Rule  11:    16 reactions 3.00e-02 CPU s 1.88e-03 CPU s/rxn
Rule  12:     1 reactions 1.00e-02 CPU s 1.00e-02 CPU s/rxn
Rule  13:   288 reactions 2.70e-01 CPU s 9.37e-04 CPU s/rxn
Rule  14:   244 reactions 2.40e-01 CPU s 9.84e-04 CPU s/rxn
Rule  15:   196 reactions 1.80e-01 CPU s 9.18e-04 CPU s/rxn
Rule  16:   288 reactions 2.60e-01 CPU s 9.03e-04 CPU s/rxn
Rule  17:    24 reactions 3.00e-02 CPU s 1.25e-03 CPU s/rxn
Rule  18:     1 reactions 1.00e-02 CPU s 1.00e-02 CPU s/rxn
Rule  19:     2 reactions 2.00e-02 CPU s 1.00e-02 CPU s/rxn
Total   :  1910 reactions 2.04e+00 CPU s 1.07e-03 CPU s/rxn
Wrote network in net format to ./Step5.net.
CPU TIME: generate_network 2.09 s.
ACTION: simulate( method=>"cvode" )
Network simulation using cvode
WARNING: writeFile(): Overwriting existing file ./Step5.net.
Wrote network in net format to ./Step5.net.
Running run_network on zarifeh-XPS
full command: /home/zarifeh/.local/lib/python3.10/site-packages/bionetgen/bng-linux/bin/run_network -o ./Step5 -p cvode -a 1e-08 -r 1e-08 --cdat 1 --fdat 0 -g ./Step5.net ./Step5.net 1 120
[simulation PID is: 13740]
run_network 3.0
Read 113 parameters from ./Step5.net
Read 302 species from ./Step5.net
Read 5 group(s) from ./Step5.net
Read 0 function(s) from ./Step5.net
Read 1910 reaction(s) from ./Step5.net
1910 reaction(s) have nonzero rate
Initialization took 0.02 CPU seconds
Propagating with cvode using dense LU
Time course of concentrations written to file ./Step5.cdat.
Time course of groups written to file ./Step5.gdat.
Propagation took 9.80e-01 CPU seconds
Program times:  1.00 CPU s 1.00 clock s
Updating species concentrations from ./Step5.cdat
CPU TIME: simulate 1.05 s.
Wrote SBML to ./Step5_sbml.xml.
CPU TIME: writeSBML 0.03 s.
Finished processing file /home/zarifeh/Desktop/Step5/2022_12_21__10_2_00/Step5.bngl.
CPU TIME: total 3.20 s.