BioNetGen version 2.8.2
Reading from file /home/zarifeh/Downloads/Energy Modeling/Correction_PE/Edited_EnergyModels_Dummyinclude/Edited_EnergyModels_EGFR/Step4/2022_08_23__15_35_13/Step4.bngl (level 0)
Read 38 parameters.
Read 8 molecule types.
Read 8 species.
Read 13 energy patterns(s).
Read 9 observable(s).
Read 3 functions.
Read 19 reaction rule(s).
ACTION: generate_network( Step4 )
Iteration   0:     8 species      0 rxns  0.00e+00 CPU s
Iteration   1:    11 species      3 rxns  1.00e-02 CPU s
Iteration   2:    12 species      7 rxns  1.00e-02 CPU s
Iteration   3:    15 species     11 rxns  1.00e-02 CPU s
Iteration   4:    23 species     25 rxns  3.00e-02 CPU s
Iteration   5:    36 species     63 rxns  6.00e-02 CPU s
Iteration   6:    55 species    127 rxns  1.00e-01 CPU s
Iteration   7:    83 species    244 rxns  1.90e-01 CPU s
Iteration   8:   118 species    439 rxns  3.50e-01 CPU s
Iteration   9:   118 species    672 rxns  3.50e-01 CPU s
Cumulative CPU time for each rule
Rule   1:     8 reactions 1.00e-02 CPU s 1.25e-03 CPU s/rxn
Rule   2:     2 reactions 0.00e+00 CPU s 0.00e+00 CPU s/rxn
Rule   3:     8 reactions 3.00e-02 CPU s 3.75e-03 CPU s/rxn
Rule   4:    16 reactions 3.00e-02 CPU s 1.88e-03 CPU s/rxn
Rule   5:    24 reactions 5.00e-02 CPU s 2.08e-03 CPU s/rxn
Rule   6:    24 reactions 5.00e-02 CPU s 2.08e-03 CPU s/rxn
Rule   7:    16 reactions 2.00e-02 CPU s 1.25e-03 CPU s/rxn
Rule   8:    24 reactions 3.00e-02 CPU s 1.25e-03 CPU s/rxn
Rule   9:    26 reactions 2.00e-02 CPU s 7.69e-04 CPU s/rxn
Rule  10:   128 reactions 2.60e-01 CPU s 2.03e-03 CPU s/rxn
Rule  11:    16 reactions 3.00e-02 CPU s 1.87e-03 CPU s/rxn
Rule  12:     1 reactions 1.00e-02 CPU s 1.00e-02 CPU s/rxn
Rule  13:    96 reactions 1.30e-01 CPU s 1.35e-03 CPU s/rxn
Rule  14:    84 reactions 1.20e-01 CPU s 1.43e-03 CPU s/rxn
Rule  15:    68 reactions 1.10e-01 CPU s 1.62e-03 CPU s/rxn
Rule  16:   104 reactions 1.50e-01 CPU s 1.44e-03 CPU s/rxn
Rule  17:    24 reactions 5.00e-02 CPU s 2.08e-03 CPU s/rxn
Rule  18:     1 reactions 0.00e+00 CPU s 0.00e+00 CPU s/rxn
Rule  19:     2 reactions 1.00e-02 CPU s 5.00e-03 CPU s/rxn
Total   :   672 reactions 1.11e+00 CPU s 1.65e-03 CPU s/rxn
Wrote network in net format to ./Step4.net.
CPU TIME: generate_network 1.13 s.
ACTION: simulate( method=>"cvode" )
Network simulation using cvode
WARNING: writeFile(): Overwriting existing file ./Step4.net.
Wrote network in net format to ./Step4.net.
Running run_network on zarifeh-XPS
full command: /home/zarifeh/.local/lib/python3.10/site-packages/bionetgen/bng-linux/bin/run_network -o ./Step4 -p cvode -a 1e-08 -r 1e-08 --cdat 1 --fdat 0 -g ./Step4.net ./Step4.net 1 120
[simulation PID is: 41812]
run_network 3.0
Read 72 parameters from ./Step4.net
Read 118 species from ./Step4.net
Read 9 group(s) from ./Step4.net
Read 8 function(s) from ./Step4.net
Read 672 reaction(s) from ./Step4.net
672 reaction(s) have nonzero rate
Initialization took 0.01 CPU seconds
Propagating with cvode using dense LU
Time course of concentrations written to file ./Step4.cdat.
Time course of groups written to file ./Step4.gdat.
Propagation took 1.50e-01 CPU seconds
Program times:  0.16 CPU s 0.00 clock s
Updating species concentrations from ./Step4.cdat
CPU TIME: simulate 0.19 s.
Finished processing file /home/zarifeh/Downloads/Energy Modeling/Correction_PE/Edited_EnergyModels_Dummyinclude/Edited_EnergyModels_EGFR/Step4/2022_08_23__15_35_13/Step4.bngl.
CPU TIME: total 1.38 s.